{
  "RSpec": {
    "coverage": {
      "/Users/amorales/rails/weather_email/app/helpers/application_helper.rb": [
        null,
        null,
        null,
        1,
        null
      ],
      "/Users/amorales/rails/weather_email/app/helpers/home_helper.rb": [
        null,
        null,
        1,
        null
      ],
      "/Users/amorales/rails/weather_email/app/controllers/home_controller.rb": [
        null,
        null,
        1,
        1,
        null,
        null
      ],
      "/Users/amorales/rails/weather_email/app/controllers/application_controller.rb": [
        null,
        1,
        null,
        null,
        1,
        null
      ],
      "/Users/amorales/rails/weather_email/app/models/city.rb": [
        null,
        null,
        1,
        1,
        1,
        null
      ],
      "/Users/amorales/rails/weather_email/app/models/hourly_weather.rb": [
        null,
        null,
        1,
        1,
        null,
        null,
        1,
        null,
        1,
        null
      ],
      "/Users/amorales/rails/weather_email/app/models/weather_service.rb": [
        null,
        null,
        null,
        1,
        null,
        null,
        null,
        null,
        null,
        null,
        null,
        null,
        null,
        null,
        null,
        null,
        null,
        null,
        1,
        1,
        null,
        null,
        null
      ]
    },
    "timestamp": 1416085200
  }
}
